<?xml version="1.0" encoding="UTF-8"?>
<!-- Generated by org.testng.reporters.JUnitReportReporter -->
<testsuite skipped="1" hostname="hp6550b-PC" name="tests.NewTest" tests="3" failures="0" timestamp="26 Jun 2019 08:55:32 GMT" time="230.355" errors="0">
  <testcase name="Sign_In" time="8.137" classname="tests.NewTest"/>
  <testcase name="Bus_Ticket_Booking" time="222.218" classname="tests.NewTest"/>
  <testcase name="Sign_Up" classname="tests.NewTest">
    <skipped/>
  </testcase> <!-- Sign_Up -->
</testsuite> <!-- tests.NewTest -->
